<?xml version="1.0" encoding="utf-8"?><testsuites name="pytest tests"><testsuite name="pytest" errors="0" failures="3" skipped="0" tests="109" time="154.786" timestamp="2026-04-25T02:54:12.674247+00:00" hostname="agent-env-d0825309-1202-4a4c-9c4a-bb8f0b8e3f9d"><testcase classname="backend.tests.backend_test.TestAuth" name="test_root" time="0.207" /><testcase classname="backend.tests.backend_test.TestAuth" name="test_signup_returns_token_user" time="0.415" /><testcase classname="backend.tests.backend_test.TestAuth" name="test_signup_duplicate_email" time="0.282" /><testcase classname="backend.tests.backend_test.TestAuth" name="test_login_success" time="0.500" /><testcase classname="backend.tests.backend_test.TestAuth" name="test_login_bad_password" time="0.390" /><testcase classname="backend.tests.backend_test.TestAuth" name="test_me_requires_token" time="0.132" /><testcase classname="backend.tests.backend_test.TestAuth" name="test_me_returns_user" time="0.144" /><testcase classname="backend.tests.backend_test.TestUploadAndFiles" name="test_upload_requires_auth" time="0.136" /><testcase classname="backend.tests.backend_test.TestUploadAndFiles" name="test_upload_avatar_success" time="0.334" /><testcase classname="backend.tests.backend_test.TestUploadAndFiles" name="test_upload_rejects_bad_type" time="0.131" /><testcase classname="backend.tests.backend_test.TestUploadAndFiles" name="test_files_requires_auth" time="0.127" /><testcase classname="backend.tests.backend_test.TestUploadAndFiles" name="test_files_bearer_auth" time="0.263" /><testcase classname="backend.tests.backend_test.TestUploadAndFiles" name="test_files_query_auth" time="0.220" /><testcase classname="backend.tests.backend_test.TestUploadAndFiles" name="test_files_404_for_unknown" time="0.153" /><testcase classname="backend.tests.backend_test.TestCharacters" name="test_create_character_full" time="0.128" /><testcase classname="backend.tests.backend_test.TestCharacters" name="test_list_characters" time="0.123" /><testcase classname="backend.tests.backend_test.TestCharacters" name="test_get_character" time="0.134" /><testcase classname="backend.tests.backend_test.TestCharacters" name="test_update_character_preserves_new_fields" time="0.244" /><testcase classname="backend.tests.backend_test.TestDiscoverAndPublic" name="test_discover_requires_auth" time="0.141" /><testcase classname="backend.tests.backend_test.TestDiscoverAndPublic" name="test_discover_returns_public" time="0.512" /><testcase classname="backend.tests.backend_test.TestDiscoverAndPublic" name="test_non_owner_can_read_public_character" time="0.124" /><testcase classname="backend.tests.backend_test.TestDiscoverAndPublic" name="test_non_owner_can_post_to_public_character" time="5.817" /><testcase classname="backend.tests.backend_test.TestDiscoverAndPublic" name="test_non_owner_404_on_private" time="0.530" /><testcase classname="backend.tests.backend_test.TestChatAndMemory" name="test_send_message_and_ai_stays_in_character" time="4.860" /><testcase classname="backend.tests.backend_test.TestChatAndMemory" name="test_send_message_with_image_path" time="4.135" /><testcase classname="backend.tests.backend_test.TestChatAndMemory" name="test_list_messages" time="0.132" /><testcase classname="backend.tests.backend_test.TestChatAndMemory" name="test_list_memories" time="0.147" /><testcase classname="backend.tests.backend_test.TestChatAndMemory" name="test_delete_memory" time="0.250" /><testcase classname="backend.tests.backend_test.TestRecentChats" name="test_recent_includes_chatted_public" time="0.211" /><testcase classname="backend.tests.backend_test.TestZCleanup" name="test_delete_character_cascades" time="0.246" /><testcase classname="backend.tests.test_audio_tts.TestDialogueOnlyUtil" name="test_strips_actions_and_image_tags" time="4.189" /><testcase classname="backend.tests.test_audio_tts.TestDialogueOnlyUtil" name="test_only_actions_returns_empty" time="0.001" /><testcase classname="backend.tests.test_audio_tts.TestDialogueOnlyUtil" name="test_empty_input" time="0.000" /><testcase classname="backend.tests.test_audio_tts.TestAudioUpload" name="test_upload_audio_webm_success" time="0.687" /><testcase classname="backend.tests.test_audio_tts.TestAudioUpload" name="test_upload_audio_mp3_success" time="0.355" /><testcase classname="backend.tests.test_audio_tts.TestAudioUpload" name="test_upload_audio_m4a_success" time="0.516" /><testcase classname="backend.tests.test_audio_tts.TestAudioUpload" name="test_upload_audio_too_large" time="0.797" /><testcase classname="backend.tests.test_audio_tts.TestAudioUpload" name="test_upload_rejects_unknown_type" time="0.123" /><testcase classname="backend.tests.test_audio_tts.TestCharacterVoiceFields" name="test_create_character_with_voice_fields" time="0.127" /><testcase classname="backend.tests.test_audio_tts.TestCharacterVoiceFields" name="test_default_voice_id_is_alloy" time="0.112" /><testcase classname="backend.tests.test_audio_tts.TestCharacterVoiceFields" name="test_update_character_voice" time="0.260" /><testcase classname="backend.tests.test_audio_tts.TestTTSPreview" name="test_preview_returns_audio_mpeg" time="1.859" /><testcase classname="backend.tests.test_audio_tts.TestTTSPreview" name="test_preview_strips_actions" time="3.959" /><testcase classname="backend.tests.test_audio_tts.TestTTSPreview" name="test_preview_all_six_voices[alloy]" time="1.151" /><testcase classname="backend.tests.test_audio_tts.TestTTSPreview" name="test_preview_all_six_voices[echo]" time="1.697" /><testcase classname="backend.tests.test_audio_tts.TestTTSPreview" name="test_preview_all_six_voices[fable]" time="1.749" /><testcase classname="backend.tests.test_audio_tts.TestTTSPreview" name="test_preview_all_six_voices[nova]" time="1.055" /><testcase classname="backend.tests.test_audio_tts.TestTTSPreview" name="test_preview_all_six_voices[onyx]" time="1.636" /><testcase classname="backend.tests.test_audio_tts.TestTTSPreview" name="test_preview_all_six_voices[shimmer]" time="1.848" /><testcase classname="backend.tests.test_audio_tts.TestTTSPreview" name="test_preview_requires_auth" time="0.173" /><testcase classname="backend.tests.test_audio_tts.TestMessageTTS" name="test_tts_for_character_message" time="4.530" /><testcase classname="backend.tests.test_audio_tts.TestMessageTTS" name="test_tts_404_for_unknown_message" time="0.133" /><testcase classname="backend.tests.test_audio_tts.TestMessageTTS" name="test_tts_404_for_other_user_message" time="0.522" /><testcase classname="backend.tests.test_audio_tts.TestMessageTTS" name="test_tts_400_when_only_actions" time="0.419" /><testcase classname="backend.tests.test_audio_tts.TestAudioMessageRoundtrip" name="test_send_message_with_audio_path" time="10.417" /><testcase classname="backend.tests.test_audio_tts.TestAudioMessageRoundtrip" name="test_send_message_with_invalid_audio_path" time="0.174" /><testcase classname="backend.tests.test_audio_tts.TestZAudioCleanup" name="test_delete_character" time="0.125" /><testcase classname="backend.tests.test_personas_messages.TestPersonasCRUD" name="test_create_persona_full" time="0.694" /><testcase classname="backend.tests.test_personas_messages.TestPersonasCRUD" name="test_list_personas_user_only" time="0.951" /><testcase classname="backend.tests.test_personas_messages.TestPersonasCRUD" name="test_get_persona_owner_only" time="0.242" /><testcase classname="backend.tests.test_personas_messages.TestPersonasCRUD" name="test_update_persona" time="0.263" /><testcase classname="backend.tests.test_personas_messages.TestPersonasCRUD" name="test_definition_over_32k_rejected" time="0.161" /><testcase classname="backend.tests.test_personas_messages.TestPersonasCRUD" name="test_definition_at_32k_accepted" time="0.271" /><testcase classname="backend.tests.test_personas_messages.TestChatSettings" name="test_get_settings_default_null" time="0.155"><failure message="AssertionError: assert {'active_pers..._dim': 0, ...} == {'active_persona_id': None}&#10;  &#10;  Omitting 1 identical items, use -vv to show&#10;  Left contains 15 more items:&#10;  {'animation_speed': 1.0,&#10;   'background_blur': 0,&#10;   'background_dim': 0,&#10;   'background_path': None,...&#10;  &#10;  ...Full output truncated (31 lines hidden), use '-vv' to show">E   AssertionError: assert {'active_pers..._dim': 0, ...} == {'active_persona_id': None}
      
      Omitting 1 identical items, use -vv to show
      Left contains 15 more items:
      {'animation_speed': 1.0,
       'background_blur': 0,
       'background_dim': 0,
       'background_path': None,...
      
      ...Full output truncated (31 lines hidden), use '-vv' to show</failure></testcase><testcase classname="backend.tests.test_personas_messages.TestChatSettings" name="test_set_persona_other_user_404" time="0.124" /><testcase classname="backend.tests.test_personas_messages.TestChatSettings" name="test_set_and_get_active_persona" time="0.276" /><testcase classname="backend.tests.test_personas_messages.TestPersonaAwareSend" name="test_send_with_persona_returns_in_character" time="6.706" /><testcase classname="backend.tests.test_personas_messages.TestVersionsBackfill" name="test_list_messages_have_versions" time="0.160" /><testcase classname="backend.tests.test_personas_messages.TestRegenerate" name="test_regenerate_user_msg_400" time="0.132" /><testcase classname="backend.tests.test_personas_messages.TestRegenerate" name="test_regenerate_char_msg_creates_version" time="3.013" /><testcase classname="backend.tests.test_personas_messages.TestRegenerate" name="test_regenerate_unknown_404" time="0.118" /><testcase classname="backend.tests.test_personas_messages.TestEditMessage" name="test_switch_active_version" time="0.151" /><testcase classname="backend.tests.test_personas_messages.TestEditMessage" name="test_switch_invalid_index_400" time="0.121" /><testcase classname="backend.tests.test_personas_messages.TestEditMessage" name="test_edit_active_version_content" time="0.274" /><testcase classname="backend.tests.test_personas_messages.TestEditMessage" name="test_edit_unknown_404" time="0.138" /><testcase classname="backend.tests.test_personas_messages.TestZDeletePersonaCascade" name="test_delete_persona_unsets_active" time="0.500" /><testcase classname="backend.tests.test_personas_messages.TestZDeletePersonaCascade" name="test_delete_persona_404_unknown" time="0.144" /><testcase classname="backend.tests.test_personas_messages.TestZDeletePersonaCascade" name="test_zz_cleanup_character" time="0.145" /><testcase classname="backend.tests.test_v5_batch.TestAuthExtended" name="test_signup_auto_username" time="0.537" /><testcase classname="backend.tests.test_v5_batch.TestAuthExtended" name="test_login_returns_extended_fields" time="0.389" /><testcase classname="backend.tests.test_v5_batch.TestAuthExtended" name="test_signup_dedupes_username" time="0.816" /><testcase classname="backend.tests.test_v5_batch.TestProfileSettings" name="test_get_default_settings" time="0.127" /><testcase classname="backend.tests.test_v5_batch.TestProfileSettings" name="test_update_profile_and_settings" time="0.117" /><testcase classname="backend.tests.test_v5_batch.TestProfileSettings" name="test_username_uniqueness" time="0.547" /><testcase classname="backend.tests.test_v5_batch.TestPublicProfile" name="test_public_profile_returns_user_and_chars" time="0.123" /><testcase classname="backend.tests.test_v5_batch.TestPublicProfile" name="test_public_profile_404" time="0.127" /><testcase classname="backend.tests.test_v5_batch.TestChatControls" name="test_clear_messages" time="38.391"><failure message="requests.exceptions.ReadTimeout: HTTPSConnectionPool(host='lore-chat.preview.emergentagent.com', port=443): Read timed out. (read timeout=15)">E   TimeoutError: The read operation timed out

The above exception was the direct cause of the following exception:
E   urllib3.exceptions.ReadTimeoutError: HTTPSConnectionPool(host='lore-chat.preview.emergentagent.com', port=443): Read timed out. (read timeout=15)

During handling of the above exception, another exception occurred:
E   requests.exceptions.ReadTimeout: HTTPSConnectionPool(host='lore-chat.preview.emergentagent.com', port=443): Read timed out. (read timeout=15)</failure></testcase><testcase classname="backend.tests.test_v5_batch.TestChatControls" name="test_restart_returns_greetings" time="0.571" /><testcase classname="backend.tests.test_v5_batch.TestChatControls" name="test_delete_chat_does_not_delete_public_character" time="13.274" /><testcase classname="backend.tests.test_v5_batch.TestMemoryV2" name="test_create_and_edit_memory" time="0.300" /><testcase classname="backend.tests.test_v5_batch.TestMemoryV2" name="test_edit_other_user_memory_404" time="0.280" /><testcase classname="backend.tests.test_v5_batch.TestChatCustomization" name="test_set_and_get_chat_settings" time="0.256" /><testcase classname="backend.tests.test_v5_batch.TestVoices" name="test_voice_crud" time="0.569" /><testcase classname="backend.tests.test_v5_batch.TestFeatured" name="test_featured_returns_public" time="0.125" /><testcase classname="backend.tests.test_v5_batch.TestSocial" name="test_social_profiles_and_posts" time="0.393"><failure message="assert 15 == 0">E   assert 15 == 0</failure></testcase><testcase classname="backend.tests.test_v5_batch.TestRelationships" name="test_relationship_crud" time="0.506" /><testcase classname="backend.tests.test_v5_batch.TestAssetsFinance" name="test_finance_and_asset_gating" time="0.903" /><testcase classname="backend.tests.test_v5_batch.TestActivities" name="test_activities_crud" time="0.260" /><testcase classname="backend.tests.test_v5_batch.TestFindLove" name="test_find_love_candidates_and_action" time="0.372" /><testcase classname="backend.tests.test_v6_chat_settings_video.TestChatSettingsDefaults" name="test_get_defaults_all_10_fields" time="0.655" /><testcase classname="backend.tests.test_v6_chat_settings_video.TestChatSettingsFullPersistence" name="test_put_all_fields_round_trip" time="0.244" /><testcase classname="backend.tests.test_v6_chat_settings_video.TestChatSettingsFullPersistence" name="test_put_partial_does_not_clobber" time="15.251" /><testcase classname="backend.tests.test_v6_chat_settings_video.TestChatSettingsFullPersistence" name="test_put_individual_field_each" time="2.420" /><testcase classname="backend.tests.test_v6_chat_settings_video.TestUploadVideo" name="test_upload_small_mp4_ok" time="0.293" /><testcase classname="backend.tests.test_v6_chat_settings_video.TestUploadVideo" name="test_upload_small_webm_ok" time="0.251" /><testcase classname="backend.tests.test_v6_chat_settings_video.TestUploadVideo" name="test_upload_small_mov_ok" time="0.293" /><testcase classname="backend.tests.test_v6_chat_settings_video.TestUploadVideo" name="test_upload_video_too_large_400" time="0.883" /><testcase classname="backend.tests.test_v6_chat_settings_video.TestUploadImageRegression" name="test_upload_small_png_still_works" time="0.270" /><testcase classname="backend.tests.test_v6_chat_settings_video.TestSeedCredentials" name="test_known_user_login" time="0.385" /></testsuite></testsuites>