<?xml version="1.0" encoding="utf-8"?><testsuites name="pytest tests"><testsuite name="pytest" errors="0" failures="0" skipped="0" tests="21" time="19.003" timestamp="2026-04-24T23:56:27.847496+00:00" hostname="agent-env-d0825309-1202-4a4c-9c4a-bb8f0b8e3f9d"><testcase classname="backend.tests.test_personas_messages.TestPersonasCRUD" name="test_create_persona_full" time="1.256" /><testcase classname="backend.tests.test_personas_messages.TestPersonasCRUD" name="test_list_personas_user_only" time="1.046" /><testcase classname="backend.tests.test_personas_messages.TestPersonasCRUD" name="test_get_persona_owner_only" time="0.358" /><testcase classname="backend.tests.test_personas_messages.TestPersonasCRUD" name="test_update_persona" time="0.520" /><testcase classname="backend.tests.test_personas_messages.TestPersonasCRUD" name="test_definition_over_32k_rejected" time="0.215" /><testcase classname="backend.tests.test_personas_messages.TestPersonasCRUD" name="test_definition_at_32k_accepted" time="0.434" /><testcase classname="backend.tests.test_personas_messages.TestChatSettings" name="test_get_settings_default_null" time="0.207" /><testcase classname="backend.tests.test_personas_messages.TestChatSettings" name="test_set_persona_other_user_404" time="0.195" /><testcase classname="backend.tests.test_personas_messages.TestChatSettings" name="test_set_and_get_active_persona" time="0.400" /><testcase classname="backend.tests.test_personas_messages.TestPersonaAwareSend" name="test_send_with_persona_returns_in_character" time="8.429" /><testcase classname="backend.tests.test_personas_messages.TestVersionsBackfill" name="test_list_messages_have_versions" time="0.268" /><testcase classname="backend.tests.test_personas_messages.TestRegenerate" name="test_regenerate_user_msg_400" time="0.252" /><testcase classname="backend.tests.test_personas_messages.TestRegenerate" name="test_regenerate_char_msg_creates_version" time="2.747" /><testcase classname="backend.tests.test_personas_messages.TestRegenerate" name="test_regenerate_unknown_404" time="0.211" /><testcase classname="backend.tests.test_personas_messages.TestEditMessage" name="test_switch_active_version" time="0.193" /><testcase classname="backend.tests.test_personas_messages.TestEditMessage" name="test_switch_invalid_index_400" time="0.178" /><testcase classname="backend.tests.test_personas_messages.TestEditMessage" name="test_edit_active_version_content" time="0.459" /><testcase classname="backend.tests.test_personas_messages.TestEditMessage" name="test_edit_unknown_404" time="0.187" /><testcase classname="backend.tests.test_personas_messages.TestZDeletePersonaCascade" name="test_delete_persona_unsets_active" time="0.728" /><testcase classname="backend.tests.test_personas_messages.TestZDeletePersonaCascade" name="test_delete_persona_404_unknown" time="0.179" /><testcase classname="backend.tests.test_personas_messages.TestZDeletePersonaCascade" name="test_zz_cleanup_character" time="0.175" /></testsuite></testsuites>