<?xml version="1.0" encoding="utf-8"?><testsuites name="pytest tests"><testsuite name="pytest" errors="0" failures="0" skipped="0" tests="27" time="45.651" timestamp="2026-04-25T00:35:36.181642+00:00" hostname="agent-env-d0825309-1202-4a4c-9c4a-bb8f0b8e3f9d"><testcase classname="backend.tests.test_audio_tts.TestDialogueOnlyUtil" name="test_strips_actions_and_image_tags" time="8.546" /><testcase classname="backend.tests.test_audio_tts.TestDialogueOnlyUtil" name="test_only_actions_returns_empty" time="0.001" /><testcase classname="backend.tests.test_audio_tts.TestDialogueOnlyUtil" name="test_empty_input" time="0.001" /><testcase classname="backend.tests.test_audio_tts.TestAudioUpload" name="test_upload_audio_webm_success" time="1.284" /><testcase classname="backend.tests.test_audio_tts.TestAudioUpload" name="test_upload_audio_mp3_success" time="0.478" /><testcase classname="backend.tests.test_audio_tts.TestAudioUpload" name="test_upload_audio_m4a_success" time="0.544" /><testcase classname="backend.tests.test_audio_tts.TestAudioUpload" name="test_upload_audio_too_large" time="0.832" /><testcase classname="backend.tests.test_audio_tts.TestAudioUpload" name="test_upload_rejects_unknown_type" time="0.199" /><testcase classname="backend.tests.test_audio_tts.TestCharacterVoiceFields" name="test_create_character_with_voice_fields" time="0.193" /><testcase classname="backend.tests.test_audio_tts.TestCharacterVoiceFields" name="test_default_voice_id_is_alloy" time="0.235" /><testcase classname="backend.tests.test_audio_tts.TestCharacterVoiceFields" name="test_update_character_voice" time="0.430" /><testcase classname="backend.tests.test_audio_tts.TestTTSPreview" name="test_preview_returns_audio_mpeg" time="2.667" /><testcase classname="backend.tests.test_audio_tts.TestTTSPreview" name="test_preview_strips_actions" time="2.088" /><testcase classname="backend.tests.test_audio_tts.TestTTSPreview" name="test_preview_all_six_voices[alloy]" time="1.916" /><testcase classname="backend.tests.test_audio_tts.TestTTSPreview" name="test_preview_all_six_voices[echo]" time="1.222" /><testcase classname="backend.tests.test_audio_tts.TestTTSPreview" name="test_preview_all_six_voices[fable]" time="1.229" /><testcase classname="backend.tests.test_audio_tts.TestTTSPreview" name="test_preview_all_six_voices[nova]" time="1.278" /><testcase classname="backend.tests.test_audio_tts.TestTTSPreview" name="test_preview_all_six_voices[onyx]" time="1.253" /><testcase classname="backend.tests.test_audio_tts.TestTTSPreview" name="test_preview_all_six_voices[shimmer]" time="1.383" /><testcase classname="backend.tests.test_audio_tts.TestTTSPreview" name="test_preview_requires_auth" time="0.183" /><testcase classname="backend.tests.test_audio_tts.TestMessageTTS" name="test_tts_for_character_message" time="6.528" /><testcase classname="backend.tests.test_audio_tts.TestMessageTTS" name="test_tts_404_for_unknown_message" time="0.224" /><testcase classname="backend.tests.test_audio_tts.TestMessageTTS" name="test_tts_404_for_other_user_message" time="0.718" /><testcase classname="backend.tests.test_audio_tts.TestMessageTTS" name="test_tts_400_when_only_actions" time="0.516" /><testcase classname="backend.tests.test_audio_tts.TestAudioMessageRoundtrip" name="test_send_message_with_audio_path" time="10.539" /><testcase classname="backend.tests.test_audio_tts.TestAudioMessageRoundtrip" name="test_send_message_with_invalid_audio_path" time="0.447" /><testcase classname="backend.tests.test_audio_tts.TestZAudioCleanup" name="test_delete_character" time="0.416" /></testsuite></testsuites>