<?xml version="1.0" encoding="utf-8"?><testsuites name="pytest tests"><testsuite name="pytest" errors="0" failures="0" skipped="0" tests="78" time="87.770" timestamp="2026-04-25T00:36:31.223996+00:00" hostname="agent-env-d0825309-1202-4a4c-9c4a-bb8f0b8e3f9d"><testcase classname="backend.tests.backend_test.TestAuth" name="test_root" time="0.211" /><testcase classname="backend.tests.backend_test.TestAuth" name="test_signup_returns_token_user" time="0.562" /><testcase classname="backend.tests.backend_test.TestAuth" name="test_signup_duplicate_email" time="0.168" /><testcase classname="backend.tests.backend_test.TestAuth" name="test_login_success" time="0.525" /><testcase classname="backend.tests.backend_test.TestAuth" name="test_login_bad_password" time="0.538" /><testcase classname="backend.tests.backend_test.TestAuth" name="test_me_requires_token" time="0.165" /><testcase classname="backend.tests.backend_test.TestAuth" name="test_me_returns_user" time="0.158" /><testcase classname="backend.tests.backend_test.TestUploadAndFiles" name="test_upload_requires_auth" time="0.171" /><testcase classname="backend.tests.backend_test.TestUploadAndFiles" name="test_upload_avatar_success" time="0.371" /><testcase classname="backend.tests.backend_test.TestUploadAndFiles" name="test_upload_rejects_bad_type" time="0.165" /><testcase classname="backend.tests.backend_test.TestUploadAndFiles" name="test_files_requires_auth" time="0.174" /><testcase classname="backend.tests.backend_test.TestUploadAndFiles" name="test_files_bearer_auth" time="0.335" /><testcase classname="backend.tests.backend_test.TestUploadAndFiles" name="test_files_query_auth" time="0.306" /><testcase classname="backend.tests.backend_test.TestUploadAndFiles" name="test_files_404_for_unknown" time="0.200" /><testcase classname="backend.tests.backend_test.TestCharacters" name="test_create_character_full" time="0.174" /><testcase classname="backend.tests.backend_test.TestCharacters" name="test_list_characters" time="0.167" /><testcase classname="backend.tests.backend_test.TestCharacters" name="test_get_character" time="0.234" /><testcase classname="backend.tests.backend_test.TestCharacters" name="test_update_character_preserves_new_fields" time="0.327" /><testcase classname="backend.tests.backend_test.TestDiscoverAndPublic" name="test_discover_requires_auth" time="0.150" /><testcase classname="backend.tests.backend_test.TestDiscoverAndPublic" name="test_discover_returns_public" time="0.735" /><testcase classname="backend.tests.backend_test.TestDiscoverAndPublic" name="test_non_owner_can_read_public_character" time="0.145" /><testcase classname="backend.tests.backend_test.TestDiscoverAndPublic" name="test_non_owner_can_post_to_public_character" time="5.752" /><testcase classname="backend.tests.backend_test.TestDiscoverAndPublic" name="test_non_owner_404_on_private" time="0.666" /><testcase classname="backend.tests.backend_test.TestChatAndMemory" name="test_send_message_and_ai_stays_in_character" time="5.862" /><testcase classname="backend.tests.backend_test.TestChatAndMemory" name="test_send_message_with_image_path" time="4.510" /><testcase classname="backend.tests.backend_test.TestChatAndMemory" name="test_list_messages" time="0.202" /><testcase classname="backend.tests.backend_test.TestChatAndMemory" name="test_list_memories" time="0.163" /><testcase classname="backend.tests.backend_test.TestChatAndMemory" name="test_delete_memory" time="0.343" /><testcase classname="backend.tests.backend_test.TestRecentChats" name="test_recent_includes_chatted_public" time="0.203" /><testcase classname="backend.tests.backend_test.TestZCleanup" name="test_delete_character_cascades" time="0.372" /><testcase classname="backend.tests.test_audio_tts.TestDialogueOnlyUtil" name="test_strips_actions_and_image_tags" time="6.205" /><testcase classname="backend.tests.test_audio_tts.TestDialogueOnlyUtil" name="test_only_actions_returns_empty" time="0.001" /><testcase classname="backend.tests.test_audio_tts.TestDialogueOnlyUtil" name="test_empty_input" time="0.000" /><testcase classname="backend.tests.test_audio_tts.TestAudioUpload" name="test_upload_audio_webm_success" time="0.890" /><testcase classname="backend.tests.test_audio_tts.TestAudioUpload" name="test_upload_audio_mp3_success" time="0.503" /><testcase classname="backend.tests.test_audio_tts.TestAudioUpload" name="test_upload_audio_m4a_success" time="0.337" /><testcase classname="backend.tests.test_audio_tts.TestAudioUpload" name="test_upload_audio_too_large" time="0.879" /><testcase classname="backend.tests.test_audio_tts.TestAudioUpload" name="test_upload_rejects_unknown_type" time="0.155" /><testcase classname="backend.tests.test_audio_tts.TestCharacterVoiceFields" name="test_create_character_with_voice_fields" time="0.153" /><testcase classname="backend.tests.test_audio_tts.TestCharacterVoiceFields" name="test_default_voice_id_is_alloy" time="0.195" /><testcase classname="backend.tests.test_audio_tts.TestCharacterVoiceFields" name="test_update_character_voice" time="0.318" /><testcase classname="backend.tests.test_audio_tts.TestTTSPreview" name="test_preview_returns_audio_mpeg" time="2.034" /><testcase classname="backend.tests.test_audio_tts.TestTTSPreview" name="test_preview_strips_actions" time="1.169" /><testcase classname="backend.tests.test_audio_tts.TestTTSPreview" name="test_preview_all_six_voices[alloy]" time="1.333" /><testcase classname="backend.tests.test_audio_tts.TestTTSPreview" name="test_preview_all_six_voices[echo]" time="1.848" /><testcase classname="backend.tests.test_audio_tts.TestTTSPreview" name="test_preview_all_six_voices[fable]" time="1.016" /><testcase classname="backend.tests.test_audio_tts.TestTTSPreview" name="test_preview_all_six_voices[nova]" time="1.571" /><testcase classname="backend.tests.test_audio_tts.TestTTSPreview" name="test_preview_all_six_voices[onyx]" time="1.045" /><testcase classname="backend.tests.test_audio_tts.TestTTSPreview" name="test_preview_all_six_voices[shimmer]" time="1.578" /><testcase classname="backend.tests.test_audio_tts.TestTTSPreview" name="test_preview_requires_auth" time="0.136" /><testcase classname="backend.tests.test_audio_tts.TestMessageTTS" name="test_tts_for_character_message" time="8.237" /><testcase classname="backend.tests.test_audio_tts.TestMessageTTS" name="test_tts_404_for_unknown_message" time="0.173" /><testcase classname="backend.tests.test_audio_tts.TestMessageTTS" name="test_tts_404_for_other_user_message" time="0.666" /><testcase classname="backend.tests.test_audio_tts.TestMessageTTS" name="test_tts_400_when_only_actions" time="0.476" /><testcase classname="backend.tests.test_audio_tts.TestAudioMessageRoundtrip" name="test_send_message_with_audio_path" time="12.142" /><testcase classname="backend.tests.test_audio_tts.TestAudioMessageRoundtrip" name="test_send_message_with_invalid_audio_path" time="0.224" /><testcase classname="backend.tests.test_audio_tts.TestZAudioCleanup" name="test_delete_character" time="0.152" /><testcase classname="backend.tests.test_personas_messages.TestPersonasCRUD" name="test_create_persona_full" time="0.823" /><testcase classname="backend.tests.test_personas_messages.TestPersonasCRUD" name="test_list_personas_user_only" time="0.824" /><testcase classname="backend.tests.test_personas_messages.TestPersonasCRUD" name="test_get_persona_owner_only" time="0.293" /><testcase classname="backend.tests.test_personas_messages.TestPersonasCRUD" name="test_update_persona" time="0.315" /><testcase classname="backend.tests.test_personas_messages.TestPersonasCRUD" name="test_definition_over_32k_rejected" time="0.187" /><testcase classname="backend.tests.test_personas_messages.TestPersonasCRUD" name="test_definition_at_32k_accepted" time="0.305" /><testcase classname="backend.tests.test_personas_messages.TestChatSettings" name="test_get_settings_default_null" time="0.160" /><testcase classname="backend.tests.test_personas_messages.TestChatSettings" name="test_set_persona_other_user_404" time="0.175" /><testcase classname="backend.tests.test_personas_messages.TestChatSettings" name="test_set_and_get_active_persona" time="0.310" /><testcase classname="backend.tests.test_personas_messages.TestPersonaAwareSend" name="test_send_with_persona_returns_in_character" time="9.130" /><testcase classname="backend.tests.test_personas_messages.TestVersionsBackfill" name="test_list_messages_have_versions" time="0.177" /><testcase classname="backend.tests.test_personas_messages.TestRegenerate" name="test_regenerate_user_msg_400" time="0.153" /><testcase classname="backend.tests.test_personas_messages.TestRegenerate" name="test_regenerate_char_msg_creates_version" time="3.542" /><testcase classname="backend.tests.test_personas_messages.TestRegenerate" name="test_regenerate_unknown_404" time="0.274" /><testcase classname="backend.tests.test_personas_messages.TestEditMessage" name="test_switch_active_version" time="0.255" /><testcase classname="backend.tests.test_personas_messages.TestEditMessage" name="test_switch_invalid_index_400" time="0.252" /><testcase classname="backend.tests.test_personas_messages.TestEditMessage" name="test_edit_active_version_content" time="0.546" /><testcase classname="backend.tests.test_personas_messages.TestEditMessage" name="test_edit_unknown_404" time="0.305" /><testcase classname="backend.tests.test_personas_messages.TestZDeletePersonaCascade" name="test_delete_persona_unsets_active" time="1.291" /><testcase classname="backend.tests.test_personas_messages.TestZDeletePersonaCascade" name="test_delete_persona_404_unknown" time="0.322" /><testcase classname="backend.tests.test_personas_messages.TestZDeletePersonaCascade" name="test_zz_cleanup_character" time="0.305" /></testsuite></testsuites>