<?xml version="1.0" encoding="utf-8"?><testsuites name="pytest tests"><testsuite name="pytest" errors="0" failures="1" skipped="0" tests="99" time="155.922" timestamp="2026-04-25T01:27:41.228245+00:00" hostname="agent-env-d0825309-1202-4a4c-9c4a-bb8f0b8e3f9d"><testcase classname="backend.tests.backend_test.TestAuth" name="test_root" time="1.551" /><testcase classname="backend.tests.backend_test.TestAuth" name="test_signup_returns_token_user" time="0.543" /><testcase classname="backend.tests.backend_test.TestAuth" name="test_signup_duplicate_email" time="0.179" /><testcase classname="backend.tests.backend_test.TestAuth" name="test_login_success" time="0.622" /><testcase classname="backend.tests.backend_test.TestAuth" name="test_login_bad_password" time="0.526" /><testcase classname="backend.tests.backend_test.TestAuth" name="test_me_requires_token" time="0.162" /><testcase classname="backend.tests.backend_test.TestAuth" name="test_me_returns_user" time="0.154" /><testcase classname="backend.tests.backend_test.TestUploadAndFiles" name="test_upload_requires_auth" time="0.179" /><testcase classname="backend.tests.backend_test.TestUploadAndFiles" name="test_upload_avatar_success" time="0.361" /><testcase classname="backend.tests.backend_test.TestUploadAndFiles" name="test_upload_rejects_bad_type" time="0.198" /><testcase classname="backend.tests.backend_test.TestUploadAndFiles" name="test_files_requires_auth" time="0.172" /><testcase classname="backend.tests.backend_test.TestUploadAndFiles" name="test_files_bearer_auth" time="0.375" /><testcase classname="backend.tests.backend_test.TestUploadAndFiles" name="test_files_query_auth" time="0.375" /><testcase classname="backend.tests.backend_test.TestUploadAndFiles" name="test_files_404_for_unknown" time="0.168" /><testcase classname="backend.tests.backend_test.TestCharacters" name="test_create_character_full" time="0.184" /><testcase classname="backend.tests.backend_test.TestCharacters" name="test_list_characters" time="0.195" /><testcase classname="backend.tests.backend_test.TestCharacters" name="test_get_character" time="0.176" /><testcase classname="backend.tests.backend_test.TestCharacters" name="test_update_character_preserves_new_fields" time="0.346" /><testcase classname="backend.tests.backend_test.TestDiscoverAndPublic" name="test_discover_requires_auth" time="1.189" /><testcase classname="backend.tests.backend_test.TestDiscoverAndPublic" name="test_discover_returns_public" time="0.695" /><testcase classname="backend.tests.backend_test.TestDiscoverAndPublic" name="test_non_owner_can_read_public_character" time="0.209" /><testcase classname="backend.tests.backend_test.TestDiscoverAndPublic" name="test_non_owner_can_post_to_public_character" time="23.480" /><testcase classname="backend.tests.backend_test.TestDiscoverAndPublic" name="test_non_owner_404_on_private" time="0.713" /><testcase classname="backend.tests.backend_test.TestChatAndMemory" name="test_send_message_and_ai_stays_in_character" time="6.308" /><testcase classname="backend.tests.backend_test.TestChatAndMemory" name="test_send_message_with_image_path" time="5.267" /><testcase classname="backend.tests.backend_test.TestChatAndMemory" name="test_list_messages" time="0.250" /><testcase classname="backend.tests.backend_test.TestChatAndMemory" name="test_list_memories" time="0.336" /><testcase classname="backend.tests.backend_test.TestChatAndMemory" name="test_delete_memory" time="0.624" /><testcase classname="backend.tests.backend_test.TestRecentChats" name="test_recent_includes_chatted_public" time="0.302" /><testcase classname="backend.tests.backend_test.TestZCleanup" name="test_delete_character_cascades" time="0.761" /><testcase classname="backend.tests.test_audio_tts.TestDialogueOnlyUtil" name="test_strips_actions_and_image_tags" time="14.654" /><testcase classname="backend.tests.test_audio_tts.TestDialogueOnlyUtil" name="test_only_actions_returns_empty" time="0.001" /><testcase classname="backend.tests.test_audio_tts.TestDialogueOnlyUtil" name="test_empty_input" time="0.001" /><testcase classname="backend.tests.test_audio_tts.TestAudioUpload" name="test_upload_audio_webm_success" time="1.151" /><testcase classname="backend.tests.test_audio_tts.TestAudioUpload" name="test_upload_audio_mp3_success" time="0.439" /><testcase classname="backend.tests.test_audio_tts.TestAudioUpload" name="test_upload_audio_m4a_success" time="0.759" /><testcase classname="backend.tests.test_audio_tts.TestAudioUpload" name="test_upload_audio_too_large" time="0.786" /><testcase classname="backend.tests.test_audio_tts.TestAudioUpload" name="test_upload_rejects_unknown_type" time="0.222" /><testcase classname="backend.tests.test_audio_tts.TestCharacterVoiceFields" name="test_create_character_with_voice_fields" time="0.236" /><testcase classname="backend.tests.test_audio_tts.TestCharacterVoiceFields" name="test_default_voice_id_is_alloy" time="0.255" /><testcase classname="backend.tests.test_audio_tts.TestCharacterVoiceFields" name="test_update_character_voice" time="0.485" /><testcase classname="backend.tests.test_audio_tts.TestTTSPreview" name="test_preview_returns_audio_mpeg" time="1.375" /><testcase classname="backend.tests.test_audio_tts.TestTTSPreview" name="test_preview_strips_actions" time="1.073" /><testcase classname="backend.tests.test_audio_tts.TestTTSPreview" name="test_preview_all_six_voices[alloy]" time="1.125" /><testcase classname="backend.tests.test_audio_tts.TestTTSPreview" name="test_preview_all_six_voices[echo]" time="1.218" /><testcase classname="backend.tests.test_audio_tts.TestTTSPreview" name="test_preview_all_six_voices[fable]" time="0.990" /><testcase classname="backend.tests.test_audio_tts.TestTTSPreview" name="test_preview_all_six_voices[nova]" time="1.419" /><testcase classname="backend.tests.test_audio_tts.TestTTSPreview" name="test_preview_all_six_voices[onyx]" time="1.596" /><testcase classname="backend.tests.test_audio_tts.TestTTSPreview" name="test_preview_all_six_voices[shimmer]" time="1.769" /><testcase classname="backend.tests.test_audio_tts.TestTTSPreview" name="test_preview_requires_auth" time="0.199" /><testcase classname="backend.tests.test_audio_tts.TestMessageTTS" name="test_tts_for_character_message" time="5.165" /><testcase classname="backend.tests.test_audio_tts.TestMessageTTS" name="test_tts_404_for_unknown_message" time="0.287" /><testcase classname="backend.tests.test_audio_tts.TestMessageTTS" name="test_tts_404_for_other_user_message" time="0.771" /><testcase classname="backend.tests.test_audio_tts.TestMessageTTS" name="test_tts_400_when_only_actions" time="0.614" /><testcase classname="backend.tests.test_audio_tts.TestAudioMessageRoundtrip" name="test_send_message_with_audio_path" time="10.301" /><testcase classname="backend.tests.test_audio_tts.TestAudioMessageRoundtrip" name="test_send_message_with_invalid_audio_path" time="0.277" /><testcase classname="backend.tests.test_audio_tts.TestZAudioCleanup" name="test_delete_character" time="0.181" /><testcase classname="backend.tests.test_personas_messages.TestPersonasCRUD" name="test_create_persona_full" time="0.899" /><testcase classname="backend.tests.test_personas_messages.TestPersonasCRUD" name="test_list_personas_user_only" time="0.928" /><testcase classname="backend.tests.test_personas_messages.TestPersonasCRUD" name="test_get_persona_owner_only" time="0.401" /><testcase classname="backend.tests.test_personas_messages.TestPersonasCRUD" name="test_update_persona" time="0.371" /><testcase classname="backend.tests.test_personas_messages.TestPersonasCRUD" name="test_definition_over_32k_rejected" time="0.211" /><testcase classname="backend.tests.test_personas_messages.TestPersonasCRUD" name="test_definition_at_32k_accepted" time="0.419" /><testcase classname="backend.tests.test_personas_messages.TestChatSettings" name="test_get_settings_default_null" time="0.235" /><testcase classname="backend.tests.test_personas_messages.TestChatSettings" name="test_set_persona_other_user_404" time="0.207" /><testcase classname="backend.tests.test_personas_messages.TestChatSettings" name="test_set_and_get_active_persona" time="0.450" /><testcase classname="backend.tests.test_personas_messages.TestPersonaAwareSend" name="test_send_with_persona_returns_in_character" time="8.603" /><testcase classname="backend.tests.test_personas_messages.TestVersionsBackfill" name="test_list_messages_have_versions" time="0.235" /><testcase classname="backend.tests.test_personas_messages.TestRegenerate" name="test_regenerate_user_msg_400" time="0.207" /><testcase classname="backend.tests.test_personas_messages.TestRegenerate" name="test_regenerate_char_msg_creates_version" time="2.886" /><testcase classname="backend.tests.test_personas_messages.TestRegenerate" name="test_regenerate_unknown_404" time="0.215" /><testcase classname="backend.tests.test_personas_messages.TestEditMessage" name="test_switch_active_version" time="0.228" /><testcase classname="backend.tests.test_personas_messages.TestEditMessage" name="test_switch_invalid_index_400" time="0.195" /><testcase classname="backend.tests.test_personas_messages.TestEditMessage" name="test_edit_active_version_content" time="0.393" /><testcase classname="backend.tests.test_personas_messages.TestEditMessage" name="test_edit_unknown_404" time="0.217" /><testcase classname="backend.tests.test_personas_messages.TestZDeletePersonaCascade" name="test_delete_persona_unsets_active" time="0.854" /><testcase classname="backend.tests.test_personas_messages.TestZDeletePersonaCascade" name="test_delete_persona_404_unknown" time="0.232" /><testcase classname="backend.tests.test_personas_messages.TestZDeletePersonaCascade" name="test_zz_cleanup_character" time="0.199" /><testcase classname="backend.tests.test_v5_batch.TestAuthExtended" name="test_signup_auto_username" time="0.733" /><testcase classname="backend.tests.test_v5_batch.TestAuthExtended" name="test_login_returns_extended_fields" time="0.552" /><testcase classname="backend.tests.test_v5_batch.TestAuthExtended" name="test_signup_dedupes_username" time="1.064" /><testcase classname="backend.tests.test_v5_batch.TestProfileSettings" name="test_get_default_settings" time="0.179" /><testcase classname="backend.tests.test_v5_batch.TestProfileSettings" name="test_update_profile_and_settings" time="0.176" /><testcase classname="backend.tests.test_v5_batch.TestProfileSettings" name="test_username_uniqueness" time="0.866" /><testcase classname="backend.tests.test_v5_batch.TestPublicProfile" name="test_public_profile_returns_user_and_chars" time="0.186" /><testcase classname="backend.tests.test_v5_batch.TestPublicProfile" name="test_public_profile_404" time="0.219" /><testcase classname="backend.tests.test_v5_batch.TestChatControls" name="test_clear_messages" time="0.406" /><testcase classname="backend.tests.test_v5_batch.TestChatControls" name="test_restart_returns_greetings" time="0.245" /><testcase classname="backend.tests.test_v5_batch.TestChatControls" name="test_delete_chat_does_not_delete_public_character" time="1.319" /><testcase classname="backend.tests.test_v5_batch.TestMemoryV2" name="test_create_and_edit_memory" time="0.418" /><testcase classname="backend.tests.test_v5_batch.TestMemoryV2" name="test_edit_other_user_memory_404" time="0.454" /><testcase classname="backend.tests.test_v5_batch.TestChatCustomization" name="test_set_and_get_chat_settings" time="0.361"><failure message="AssertionError: chat settings field 'background_path' not persisted: got None expected lore/bg/test.png&#10;assert None == 'lore/bg/test.png'&#10; +  where None = &lt;built-in method get of dict object at 0x79881ec74880&gt;('background_path')&#10; +    where &lt;built-in method get of dict object at 0x79881ec74880&gt; = {'active_persona_id': None}.get">backend/tests/test_v5_batch.py:262: in test_set_and_get_chat_settings
    assert s.get(k) == v, f"chat settings field '{k}' not persisted: got {s.get(k)} expected {v}"
E   AssertionError: chat settings field 'background_path' not persisted: got None expected lore/bg/test.png
E   assert None == 'lore/bg/test.png'
E    +  where None = &lt;built-in method get of dict object at 0x79881ec74880&gt;('background_path')
E    +    where &lt;built-in method get of dict object at 0x79881ec74880&gt; = {'active_persona_id': None}.get</failure></testcase><testcase classname="backend.tests.test_v5_batch.TestVoices" name="test_voice_crud" time="15.791" /><testcase classname="backend.tests.test_v5_batch.TestFeatured" name="test_featured_returns_public" time="0.211" /><testcase classname="backend.tests.test_v5_batch.TestSocial" name="test_social_profiles_and_posts" time="1.470" /><testcase classname="backend.tests.test_v5_batch.TestRelationships" name="test_relationship_crud" time="0.624" /><testcase classname="backend.tests.test_v5_batch.TestAssetsFinance" name="test_finance_and_asset_gating" time="1.126" /><testcase classname="backend.tests.test_v5_batch.TestActivities" name="test_activities_crud" time="15.332" /><testcase classname="backend.tests.test_v5_batch.TestFindLove" name="test_find_love_candidates_and_action" time="0.432" /></testsuite></testsuites>