<?xml version="1.0" encoding="utf-8"?><testsuites name="pytest tests"><testsuite name="pytest" errors="0" failures="2" skipped="0" tests="21" time="11.554" timestamp="2026-04-25T01:26:31.885357+00:00" hostname="agent-env-d0825309-1202-4a4c-9c4a-bb8f0b8e3f9d"><testcase classname="backend.tests.test_v5_batch.TestAuthExtended" name="test_signup_auto_username" time="0.845" /><testcase classname="backend.tests.test_v5_batch.TestAuthExtended" name="test_login_returns_extended_fields" time="0.553" /><testcase classname="backend.tests.test_v5_batch.TestAuthExtended" name="test_signup_dedupes_username" time="1.149" /><testcase classname="backend.tests.test_v5_batch.TestProfileSettings" name="test_get_default_settings" time="0.168" /><testcase classname="backend.tests.test_v5_batch.TestProfileSettings" name="test_update_profile_and_settings" time="0.166" /><testcase classname="backend.tests.test_v5_batch.TestProfileSettings" name="test_username_uniqueness" time="0.701" /><testcase classname="backend.tests.test_v5_batch.TestPublicProfile" name="test_public_profile_returns_user_and_chars" time="0.145" /><testcase classname="backend.tests.test_v5_batch.TestPublicProfile" name="test_public_profile_404" time="0.151" /><testcase classname="backend.tests.test_v5_batch.TestChatControls" name="test_clear_messages" time="0.290" /><testcase classname="backend.tests.test_v5_batch.TestChatControls" name="test_restart_returns_greetings" time="0.185" /><testcase classname="backend.tests.test_v5_batch.TestChatControls" name="test_delete_chat_does_not_delete_public_character" time="0.893"><failure message="assert (200 == 200 and 404 == 200)&#10; +  where 200 = &lt;Response [200]&gt;.status_code&#10; +  and   404 = &lt;Response [404]&gt;.status_code">backend/tests/test_v5_batch.py:193: in test_delete_chat_does_not_delete_public_character
    assert ra.status_code == 200 and rb.status_code == 200
E   assert (200 == 200 and 404 == 200)
E    +  where 200 = &lt;Response [200]&gt;.status_code
E    +  and   404 = &lt;Response [404]&gt;.status_code</failure></testcase><testcase classname="backend.tests.test_v5_batch.TestMemoryV2" name="test_create_and_edit_memory" time="0.338" /><testcase classname="backend.tests.test_v5_batch.TestMemoryV2" name="test_edit_other_user_memory_404" time="0.328" /><testcase classname="backend.tests.test_v5_batch.TestChatCustomization" name="test_set_and_get_chat_settings" time="0.294"><failure message="AssertionError: chat settings field 'background_path' not persisted: got None expected lore/bg/test.png&#10;assert None == 'lore/bg/test.png'&#10; +  where None = &lt;built-in method get of dict object at 0x7a4297141200&gt;('background_path')&#10; +    where &lt;built-in method get of dict object at 0x7a4297141200&gt; = {'active_persona_id': None}.get">backend/tests/test_v5_batch.py:261: in test_set_and_get_chat_settings
    assert s.get(k) == v, f"chat settings field '{k}' not persisted: got {s.get(k)} expected {v}"
E   AssertionError: chat settings field 'background_path' not persisted: got None expected lore/bg/test.png
E   assert None == 'lore/bg/test.png'
E    +  where None = &lt;built-in method get of dict object at 0x7a4297141200&gt;('background_path')
E    +    where &lt;built-in method get of dict object at 0x7a4297141200&gt; = {'active_persona_id': None}.get</failure></testcase><testcase classname="backend.tests.test_v5_batch.TestVoices" name="test_voice_crud" time="0.658" /><testcase classname="backend.tests.test_v5_batch.TestFeatured" name="test_featured_returns_public" time="0.172" /><testcase classname="backend.tests.test_v5_batch.TestSocial" name="test_social_profiles_and_posts" time="1.321" /><testcase classname="backend.tests.test_v5_batch.TestRelationships" name="test_relationship_crud" time="0.646" /><testcase classname="backend.tests.test_v5_batch.TestAssetsFinance" name="test_finance_and_asset_gating" time="1.219" /><testcase classname="backend.tests.test_v5_batch.TestActivities" name="test_activities_crud" time="0.340" /><testcase classname="backend.tests.test_v5_batch.TestFindLove" name="test_find_love_candidates_and_action" time="0.474" /></testsuite></testsuites>