<?xml version="1.0" encoding="utf-8"?><testsuites name="pytest tests"><testsuite name="pytest" errors="0" failures="0" skipped="0" tests="11" time="7.339" timestamp="2026-04-25T02:19:45.224629+00:00" hostname="agent-env-d0825309-1202-4a4c-9c4a-bb8f0b8e3f9d"><testcase classname="backend.tests.test_v6_chat_settings_video.TestChatSettingsDefaults" name="test_get_defaults_all_10_fields" time="0.797" /><testcase classname="backend.tests.test_v6_chat_settings_video.TestChatSettingsFullPersistence" name="test_put_all_fields_round_trip" time="0.347" /><testcase classname="backend.tests.test_v6_chat_settings_video.TestChatSettingsFullPersistence" name="test_put_partial_does_not_clobber" time="0.282" /><testcase classname="backend.tests.test_v6_chat_settings_video.TestChatSettingsFullPersistence" name="test_put_individual_field_each" time="2.484" /><testcase classname="backend.tests.test_v6_chat_settings_video.TestUploadVideo" name="test_upload_small_mp4_ok" time="0.426" /><testcase classname="backend.tests.test_v6_chat_settings_video.TestUploadVideo" name="test_upload_small_webm_ok" time="0.331" /><testcase classname="backend.tests.test_v6_chat_settings_video.TestUploadVideo" name="test_upload_small_mov_ok" time="0.271" /><testcase classname="backend.tests.test_v6_chat_settings_video.TestUploadVideo" name="test_upload_video_too_large_400" time="0.745" /><testcase classname="backend.tests.test_v6_chat_settings_video.TestUploadImageRegression" name="test_upload_small_png_still_works" time="0.262" /><testcase classname="backend.tests.test_v6_chat_settings_video.TestSeedCredentials" name="test_known_user_login" time="0.439" /><testcase classname="backend.tests.test_v5_batch.TestChatCustomization" name="test_set_and_get_chat_settings" time="0.784" /></testsuite></testsuites>