<?xml version="1.0" encoding="utf-8"?><testsuites name="pytest tests"><testsuite name="pytest" errors="0" failures="0" skipped="0" tests="15" time="53.422" timestamp="2026-04-25T02:53:14.484994+00:00" hostname="agent-env-d0825309-1202-4a4c-9c4a-bb8f0b8e3f9d"><testcase classname="backend.tests.test_v7_world_chat.TestCtxToggles" name="test_defaults_all_true" time="0.764" /><testcase classname="backend.tests.test_v7_world_chat.TestCtxToggles" name="test_put_partial_merge" time="0.147" /><testcase classname="backend.tests.test_v7_world_chat.TestSocialProfile" name="test_create_extended_profile_fame_score" time="0.060" /><testcase classname="backend.tests.test_v7_world_chat.TestSocialProfile" name="test_update_profile" time="0.059" /><testcase classname="backend.tests.test_v7_world_chat.TestSocialPosts" name="test_post_missing_profile_id_returns_400" time="0.077" /><testcase classname="backend.tests.test_v7_world_chat.TestSocialPosts" name="test_create_post_seeds_hybrid_comments" time="3.122" /><testcase classname="backend.tests.test_v7_world_chat.TestSocialPosts" name="test_put_post_partial_engagement_no_profile_id" time="0.060" /><testcase classname="backend.tests.test_v7_world_chat.TestSocialPosts" name="test_get_post_includes_profile_and_comments" time="0.069" /><testcase classname="backend.tests.test_v7_world_chat.TestSocialPosts" name="test_boost_adds_engagement_and_comments" time="2.570" /><testcase classname="backend.tests.test_v7_world_chat.TestSocialPosts" name="test_add_and_delete_user_comment" time="0.126" /><testcase classname="backend.tests.test_v7_world_chat.TestChatContextInjection" name="test_ctx_social_on_reply_references_post" time="12.171" /><testcase classname="backend.tests.test_v7_world_chat.TestChatContextInjection" name="test_seen_by_characters_prevents_repeat" time="7.178" /><testcase classname="backend.tests.test_v7_world_chat.TestChatContextInjection" name="test_ctx_social_off_hides_post" time="12.719" /><testcase classname="backend.tests.test_v7_world_chat.TestChatContextInjection" name="test_tag_recognition" time="10.132" /><testcase classname="backend.tests.test_v7_world_chat.TestCascadeDelete" name="test_delete_profile_removes_posts_and_comments" time="3.981" /></testsuite></testsuites>