<?xml version="1.0" encoding="utf-8"?><testsuites name="pytest tests"><testsuite name="pytest" errors="0" failures="0" skipped="0" tests="7" time="32.514" timestamp="2026-04-29T00:06:38.849519+00:00" hostname="agent-env-d0825309-1202-4a4c-9c4a-bb8f0b8e3f9d"><testcase classname="backend.tests.test_v9_iteration.TestVoiceFieldsRemoved" name="test_create_character_without_voice_succeeds_no_voice_id_field" time="3.911" /><testcase classname="backend.tests.test_v9_iteration.TestVoiceFieldsRemoved" name="test_create_character_ignores_legacy_voice_fields_in_payload" time="1.751" /><testcase classname="backend.tests.test_v9_iteration.TestTtsUsesAlloy" name="test_tts_endpoint_still_works" time="9.195" /><testcase classname="backend.tests.test_v9_iteration.TestRegression" name="test_settings_get_put" time="1.457" /><testcase classname="backend.tests.test_v9_iteration.TestRegression" name="test_character_crud" time="2.787" /><testcase classname="backend.tests.test_v9_iteration.TestRegression" name="test_chat_send_and_chat_settings" time="7.970" /><testcase classname="backend.tests.test_v9_iteration.TestRegression" name="test_social_profile_and_post_flow" time="4.829" /></testsuite></testsuites>